# JRE version: OpenJDK Runtime Environment Temurin-17.0.3+7 (17.0.3+7) (build 17.0.3+7)
# Java VM: OpenJDK 64-Bit Server VM Temurin-17.0.3+7 (17.0.3+7, mixed mode, tiered, compressed oops, compressed class ptrs, g1 gc, windows-amd64)
GC Precious Log:
 CPUs: 4 total, 4 available
 Memory: 3526M
 Large Page Support: Disabled
 NUMA Support: Disabled
 Compressed Oops: Enabled (32-bit)
 Heap Region Size: 1M
 Heap Min Capacity: 8M
 Heap Initial Capacity: 56M
 Heap Max Capacity: 882M
 Pre-touch: Disabled
 Parallel Workers: 4
 Concurrent Workers: 1
 Concurrent Refinement Workers: 4
 Periodic GC: Disabled
Heap:
 garbage-first heap   total 40960K, used 20688K [0x00000000c8e00000, 0x0000000100000000)
  region size 1024K, 12 young (12288K), 3 survivors (3072K)
 Metaspace       used 32239K, committed 32512K, reserved 1081344K
  class space    used 3750K, committed 3904K, reserved 1048576K
GC Heap History (14 events):
Event: 4.175 GC heap before
{Heap before GC invocations=0 (full 0):
 garbage-first heap   total 57344K, used 13312K [0x00000000c8e00000, 0x0000000100000000)
  region size 1024K, 13 young (13312K), 0 survivors (0K)
 Metaspace       used 10574K, committed 10688K, reserved 1064960K
  class space    used 957K, committed 1024K, reserved 1048576K
}
Event: 4.217 GC heap after
{Heap after GC invocations=1 (full 0):
 garbage-first heap   total 57344K, used 6208K [0x00000000c8e00000, 0x0000000100000000)
  region size 1024K, 2 young (2048K), 2 survivors (2048K)
 Metaspace       used 10574K, committed 10688K, reserved 1064960K
  class space    used 957K, committed 1024K, reserved 1048576K
}
Event: 5.517 GC heap before
{Heap before GC invocations=1 (full 0):
 garbage-first heap   total 57344K, used 15424K [0x00000000c8e00000, 0x0000000100000000)
  region size 1024K, 11 young (11264K), 2 survivors (2048K)
 Metaspace       used 13594K, committed 13696K, reserved 1064960K
  class space    used 1317K, committed 1344K, reserved 1048576K
}
Event: 5.522 GC heap after
{Heap after GC invocations=2 (full 0):
 garbage-first heap   total 57344K, used 7060K [0x00000000c8e00000, 0x0000000100000000)
  region size 1024K, 1 young (1024K), 1 survivors (1024K)
 Metaspace       used 13594K, committed 13696K, reserved 1064960K
  class space    used 1317K, committed 1344K, reserved 1048576K
}
Event: 7.963 GC heap before
{Heap before GC invocations=2 (full 0):
 garbage-first heap   total 57344K, used 25492K [0x00000000c8e00000, 0x0000000100000000)
  region size 1024K, 20 young (20480K), 1 survivors (1024K)
 Metaspace       used 19137K, committed 19392K, reserved 1073152K
  class space    used 2017K, committed 2112K, reserved 1048576K
}
Event: 7.969 GC heap after
{Heap after GC invocations=3 (full 0):
 garbage-first heap   total 57344K, used 8347K [0x00000000c8e00000, 0x0000000100000000)
  region size 1024K, 2 young (2048K), 2 survivors (2048K)
 Metaspace       used 19137K, committed 19392K, reserved 1073152K
  class space    used 2017K, committed 2112K, reserved 1048576K
}
Event: 8.340 GC heap before
{Heap before GC invocations=3 (full 0):
 garbage-first heap   total 57344K, used 16539K [0x00000000c8e00000, 0x0000000100000000)
  region size 1024K, 11 young (11264K), 2 survivors (2048K)
 Metaspace       used 21323K, committed 21504K, reserved 1073152K
  class space    used 2281K, committed 2368K, reserved 1048576K
}
Event: 8.343 GC heap after
{Heap after GC invocations=4 (full 0):
 garbage-first heap   total 57344K, used 8683K [0x00000000c8e00000, 0x0000000100000000)
  region size 1024K, 3 young (3072K), 3 survivors (3072K)
 Metaspace       used 21323K, committed 21504K, reserved 1073152K
  class space    used 2281K, committed 2368K, reserved 1048576K
}
Event: 10.090 GC heap before
{Heap before GC invocations=5 (full 0):
 garbage-first heap   total 40960K, used 30187K [0x00000000c8e00000, 0x0000000100000000)
  region size 1024K, 26 young (26624K), 3 survivors (3072K)
 Metaspace       used 25254K, committed 25472K, reserved 1073152K
  class space    used 2768K, committed 2880K, reserved 1048576K
}
Event: 10.100 GC heap after
{Heap after GC invocations=6 (full 0):
 garbage-first heap   total 40960K, used 10419K [0x00000000c8e00000, 0x0000000100000000)
  region size 1024K, 4 young (4096K), 4 survivors (4096K)
 Metaspace       used 25254K, committed 25472K, reserved 1073152K
  class space    used 2768K, committed 2880K, reserved 1048576K
}
Event: 11.979 GC heap before
{Heap before GC invocations=6 (full 0):
 garbage-first heap   total 40960K, used 26803K [0x00000000c8e00000, 0x0000000100000000)
  region size 1024K, 20 young (20480K), 4 survivors (4096K)
 Metaspace       used 27193K, committed 27456K, reserved 1081344K
  class space    used 3014K, committed 3136K, reserved 1048576K
}
Event: 11.986 GC heap after
{Heap after GC invocations=7 (full 0):
 garbage-first heap   total 40960K, used 11141K [0x00000000c8e00000, 0x0000000100000000)
  region size 1024K, 2 young (2048K), 2 survivors (2048K)
 Metaspace       used 27193K, committed 27456K, reserved 1081344K
  class space    used 3014K, committed 3136K, reserved 1048576K
}
Event: 13.448 GC heap before
{Heap before GC invocations=7 (full 0):
 garbage-first heap   total 40960K, used 27525K [0x00000000c8e00000, 0x0000000100000000)
  region size 1024K, 18 young (18432K), 2 survivors (2048K)
 Metaspace       used 30141K, committed 30464K, reserved 1081344K
  class space    used 3443K, committed 3584K, reserved 1048576K
}
Event: 13.452 GC heap after
{Heap after GC invocations=8 (full 0):
 garbage-first heap   total 40960K, used 12496K [0x00000000c8e00000, 0x0000000100000000)
  region size 1024K, 3 young (3072K), 3 survivors (3072K)
 Metaspace       used 30141K, committed 30464K, reserved 1081344K
  class space    used 3443K, committed 3584K, reserved 1048576K
}

