# JRE version: OpenJDK Runtime Environment Temurin-17.0.3+7 (17.0.3+7) (build 17.0.3+7)
# Java VM: OpenJDK 64-Bit Server VM Temurin-17.0.3+7 (17.0.3+7, mixed mode, tiered, compressed oops, compressed class ptrs, g1 gc, windows-amd64)
GC Precious Log:
 CPUs: 4 total, 4 available
 Memory: 3526M
 Large Page Support: Disabled
 NUMA Support: Disabled
 Compressed Oops: Enabled (32-bit)
 Heap Region Size: 1M
 Heap Min Capacity: 8M
 Heap Initial Capacity: 56M
 Heap Max Capacity: 882M
 Pre-touch: Disabled
 Parallel Workers: 4
 Concurrent Workers: 1
 Concurrent Refinement Workers: 4
 Periodic GC: Disabled
Heap:
 garbage-first heap   total 37888K, used 24556K [0x00000000c8e00000, 0x0000000100000000)
  region size 1024K, 16 young (16384K), 3 survivors (3072K)
 Metaspace       used 31821K, committed 32128K, reserved 1081344K
  class space    used 3701K, committed 3840K, reserved 1048576K
GC Heap History (16 events):
Event: 3.811 GC heap before
{Heap before GC invocations=0 (full 0):
 garbage-first heap   total 57344K, used 13312K [0x00000000c8e00000, 0x0000000100000000)
  region size 1024K, 13 young (13312K), 0 survivors (0K)
 Metaspace       used 10572K, committed 10688K, reserved 1064960K
  class space    used 957K, committed 1024K, reserved 1048576K
}
Event: 3.855 GC heap after
{Heap after GC invocations=1 (full 0):
 garbage-first heap   total 57344K, used 6240K [0x00000000c8e00000, 0x0000000100000000)
  region size 1024K, 2 young (2048K), 2 survivors (2048K)
 Metaspace       used 10572K, committed 10688K, reserved 1064960K
  class space    used 957K, committed 1024K, reserved 1048576K
}
Event: 5.146 GC heap before
{Heap before GC invocations=1 (full 0):
 garbage-first heap   total 57344K, used 14432K [0x00000000c8e00000, 0x0000000100000000)
  region size 1024K, 11 young (11264K), 2 survivors (2048K)
 Metaspace       used 13583K, committed 13696K, reserved 1064960K
  class space    used 1318K, committed 1344K, reserved 1048576K
}
Event: 5.150 GC heap after
{Heap after GC invocations=2 (full 0):
 garbage-first heap   total 57344K, used 6866K [0x00000000c8e00000, 0x0000000100000000)
  region size 1024K, 1 young (1024K), 1 survivors (1024K)
 Metaspace       used 13583K, committed 13696K, reserved 1064960K
  class space    used 1318K, committed 1344K, reserved 1048576K
}
Event: 7.466 GC heap before
{Heap before GC invocations=2 (full 0):
 garbage-first heap   total 57344K, used 25298K [0x00000000c8e00000, 0x0000000100000000)
  region size 1024K, 20 young (20480K), 1 survivors (1024K)
 Metaspace       used 19130K, committed 19328K, reserved 1073152K
  class space    used 2020K, committed 2112K, reserved 1048576K
}
Event: 7.471 GC heap after
{Heap after GC invocations=3 (full 0):
 garbage-first heap   total 57344K, used 8208K [0x00000000c8e00000, 0x0000000100000000)
  region size 1024K, 2 young (2048K), 2 survivors (2048K)
 Metaspace       used 19130K, committed 19328K, reserved 1073152K
  class space    used 2020K, committed 2112K, reserved 1048576K
}
Event: 7.899 GC heap before
{Heap before GC invocations=3 (full 0):
 garbage-first heap   total 57344K, used 15376K [0x00000000c8e00000, 0x0000000100000000)
  region size 1024K, 11 young (11264K), 2 survivors (2048K)
 Metaspace       used 21351K, committed 21504K, reserved 1073152K
  class space    used 2287K, committed 2368K, reserved 1048576K
}
Event: 7.902 GC heap after
{Heap after GC invocations=4 (full 0):
 garbage-first heap   total 57344K, used 8607K [0x00000000c8e00000, 0x0000000100000000)
  region size 1024K, 3 young (3072K), 3 survivors (3072K)
 Metaspace       used 21351K, committed 21504K, reserved 1073152K
  class space    used 2287K, committed 2368K, reserved 1048576K
}
Event: 9.012 GC heap before
{Heap before GC invocations=5 (full 0):
 garbage-first heap   total 37888K, used 27039K [0x00000000c8e00000, 0x0000000100000000)
  region size 1024K, 23 young (23552K), 3 survivors (3072K)
 Metaspace       used 24845K, committed 25088K, reserved 1073152K
  class space    used 2736K, committed 2816K, reserved 1048576K
}
Event: 9.017 GC heap after
{Heap after GC invocations=6 (full 0):
 garbage-first heap   total 37888K, used 10161K [0x00000000c8e00000, 0x0000000100000000)
  region size 1024K, 4 young (4096K), 4 survivors (4096K)
 Metaspace       used 24845K, committed 25088K, reserved 1073152K
  class space    used 2736K, committed 2816K, reserved 1048576K
}
Event: 9.102 GC heap before
{Heap before GC invocations=6 (full 0):
 garbage-first heap   total 37888K, used 11185K [0x00000000c8e00000, 0x0000000100000000)
  region size 1024K, 5 young (5120K), 4 survivors (4096K)
 Metaspace       used 24948K, committed 25152K, reserved 1073152K
  class space    used 2742K, committed 2816K, reserved 1048576K
}
Event: 9.106 GC heap after
{Heap after GC invocations=7 (full 0):
 garbage-first heap   total 37888K, used 10354K [0x00000000c8e00000, 0x0000000100000000)
  region size 1024K, 1 young (1024K), 1 survivors (1024K)
 Metaspace       used 24948K, committed 25152K, reserved 1073152K
  class space    used 2742K, committed 2816K, reserved 1048576K
}
Event: 10.499 GC heap before
{Heap before GC invocations=7 (full 0):
 garbage-first heap   total 37888K, used 25714K [0x00000000c8e00000, 0x0000000100000000)
  region size 1024K, 16 young (16384K), 1 survivors (1024K)
 Metaspace       used 26686K, committed 26944K, reserved 1073152K
  class space    used 2951K, committed 3072K, reserved 1048576K
}
Event: 10.503 GC heap after
{Heap after GC invocations=8 (full 0):
 garbage-first heap   total 37888K, used 11026K [0x00000000c8e00000, 0x0000000100000000)
  region size 1024K, 2 young (2048K), 2 survivors (2048K)
 Metaspace       used 26686K, committed 26944K, reserved 1073152K
  class space    used 2951K, committed 3072K, reserved 1048576K
}
Event: 12.236 GC heap before
{Heap before GC invocations=8 (full 0):
 garbage-first heap   total 37888K, used 26386K [0x00000000c8e00000, 0x0000000100000000)
  region size 1024K, 17 young (17408K), 2 survivors (2048K)
 Metaspace       used 29181K, committed 29440K, reserved 1081344K
  class space    used 3300K, committed 3392K, reserved 1048576K
}
Event: 12.240 GC heap after
{Heap after GC invocations=9 (full 0):
 garbage-first heap   total 37888K, used 12268K [0x00000000c8e00000, 0x0000000100000000)
  region size 1024K, 3 young (3072K), 3 survivors (3072K)
 Metaspace       used 29181K, committed 29440K, reserved 1081344K
  class space    used 3300K, committed 3392K, reserved 1048576K
}

